2025-01-14 11:20:25.367 [info] [main] Log level: Info
2025-01-14 11:20:25.367 [info] [main] Validating found git in: "C:\Program Files\Git\bin\git.exe"
2025-01-14 11:20:25.367 [info] Unable to find git on the PATH: "C:\Program Files\Git\bin\git.exe". Error: spawn C:\Program Files\Git\bin\git.exe ENOENT
2025-01-14 11:20:25.367 [info] [main] Validating found git in: "git"
2025-01-14 11:20:25.367 [info] [main] Using git "2.43.0" from "git"
2025-01-14 11:20:25.367 [info] [Model][doInitialScan] Initial repository scan started
2025-01-14 11:20:25.367 [info] > git rev-parse --show-toplevel [34ms]
2025-01-14 11:20:25.367 [info] > git rev-parse --git-dir --git-common-dir [3ms]
2025-01-14 11:20:25.367 [info] [Model][openRepository] Opened repository: /home/ubuntuuser
2025-01-14 11:20:25.383 [info] > git config --get commit.template [12ms]
2025-01-14 11:20:25.416 [info] > git for-each-ref --format=%(refname)%00%(upstream:short)%00%(objectname)%00%(upstream:track)%00%(upstream:remotename)%00%(upstream:remoteref) refs/heads/main refs/remotes/main [36ms]
2025-01-14 11:20:25.421 [info] > git rev-parse --show-toplevel [32ms]
2025-01-14 11:20:25.438 [info] > git rev-parse --show-toplevel [11ms]
2025-01-14 11:20:25.458 [info] > git rev-parse --show-toplevel [2ms]
2025-01-14 11:20:25.458 [info] > git for-each-ref --sort -committerdate --format %(refname) %(objectname) %(*objectname) [10ms]
2025-01-14 11:20:25.468 [info] > git rev-parse --show-toplevel [5ms]
2025-01-14 11:20:25.476 [info] > git status -z -uall [33ms]
2025-01-14 11:20:25.476 [info] > git rev-parse --show-toplevel [3ms]
2025-01-14 11:20:25.587 [info] > git for-each-ref --format=%(refname)%00%(upstream:short)%00%(objectname)%00%(upstream:track)%00%(upstream:remotename)%00%(upstream:remoteref) refs/heads/main refs/remotes/main [12ms]
2025-01-14 11:20:25.594 [info] > git rev-parse --show-toplevel [113ms]
2025-01-14 11:20:25.606 [info] > git config --get commit.template [20ms]
2025-01-14 11:20:25.615 [info] > git rev-parse --show-toplevel [13ms]
2025-01-14 11:20:25.615 [info] > git config --local branch.main.vscode-merge-base [22ms]
2025-01-14 11:20:25.615 [warning] [Git][config] git config failed: Failed to execute git
2025-01-14 11:20:26.163 [info] > git reflog main --grep-reflog=branch: Created from *. [545ms]
2025-01-14 11:20:26.182 [info] > git check-ignore -v -z --stdin [6ms]
2025-01-14 11:20:26.184 [info] > git symbolic-ref --short refs/remotes/origin/HEAD [17ms]
2025-01-14 11:20:26.184 [info] fatal: ref refs/remotes/origin/HEAD is not a symbolic ref
2025-01-14 11:20:26.184 [warning] [Repository][getDefaultBranch] Failed to get default branch details: Failed to execute git.
2025-01-14 11:20:26.190 [info] > git rev-parse --show-toplevel [27ms]
2025-01-14 11:20:26.190 [info] > git for-each-ref --format=%(refname)%00%(upstream:short)%00%(objectname)%00%(upstream:track)%00%(upstream:remotename)%00%(upstream:remoteref) refs/heads/main refs/remotes/main [33ms]
2025-01-14 11:20:26.205 [info] > git rev-parse --show-toplevel [2ms]
2025-01-14 11:20:26.224 [info] > git merge-base refs/heads/main refs/remotes/origin/main [34ms]
2025-01-14 11:20:26.234 [info] > git for-each-ref --sort -committerdate --format %(refname) %(objectname) %(*objectname) [13ms]
2025-01-14 11:20:26.238 [info] > git rev-parse --show-toplevel [28ms]
2025-01-14 11:20:26.241 [info] > git diff --name-status -z --diff-filter=ADMR 2faf44fef6e70b04b655107080dfc751c258c808...refs/remotes/origin/main [11ms]
2025-01-14 11:20:26.279 [info] > git rev-parse --show-toplevel [24ms]
2025-01-14 11:20:26.304 [info] > git status -z -uall [87ms]
2025-01-14 11:20:26.357 [info] > git rev-parse --show-toplevel [60ms]
2025-01-14 11:20:26.367 [info] > git rev-parse --show-toplevel [3ms]
2025-01-14 11:20:26.372 [info] > git rev-parse --show-toplevel [2ms]
2025-01-14 11:20:26.381 [info] > git rev-parse --show-toplevel [6ms]
2025-01-14 11:20:26.387 [info] > git rev-parse --git-dir --git-common-dir [3ms]
2025-01-14 11:20:26.395 [info] [Model][openRepository] Opened repository: /home/ubuntuuser/myproject
2025-01-14 11:20:26.813 [info] > git rev-parse --show-toplevel [394ms]
2025-01-14 11:20:26.817 [info] [Model][doInitialScan] Initial repository scan completed - repositories (2), closed repositories (0), parent repositories (0), unsafe repositories (0)
2025-01-14 11:20:26.818 [info] > git config --get commit.template [409ms]
2025-01-14 11:20:26.824 [info] [Git][getRemotes] No remotes found in the git config file
2025-01-14 11:20:26.833 [info] > git for-each-ref --format=%(refname)%00%(upstream:short)%00%(objectname)%00%(upstream:track)%00%(upstream:remotename)%00%(upstream:remoteref) refs/heads/main refs/remotes/main [10ms]
2025-01-14 11:20:26.854 [info] > git status -z -uall [16ms]
2025-01-14 11:20:26.855 [info] > git for-each-ref --sort -committerdate --format %(refname) %(objectname) %(*objectname) [12ms]
2025-01-14 11:20:26.874 [info] > git for-each-ref --format=%(refname)%00%(upstream:short)%00%(objectname)%00%(upstream:track)%00%(upstream:remotename)%00%(upstream:remoteref) refs/heads/main refs/remotes/main [10ms]
2025-01-14 11:20:26.886 [info] > git config --get commit.template [12ms]
2025-01-14 11:20:26.892 [info] [Git][getRemotes] No remotes found in the git config file
2025-01-14 11:20:26.896 [info] > git config --local branch.main.vscode-merge-base [13ms]
2025-01-14 11:20:26.896 [warning] [Git][config] git config failed: Failed to execute git
2025-01-14 11:20:26.903 [info] > git for-each-ref --format=%(refname)%00%(upstream:short)%00%(objectname)%00%(upstream:track)%00%(upstream:remotename)%00%(upstream:remoteref) refs/heads/main refs/remotes/main [12ms]
2025-01-14 11:20:26.915 [info] > git status -z -uall [7ms]
2025-01-14 11:20:26.915 [info] > git reflog main --grep-reflog=branch: Created from *. [14ms]
2025-01-14 11:20:26.919 [info] > git for-each-ref --sort -committerdate --format %(refname) %(objectname) %(*objectname) [5ms]
2025-01-14 11:20:26.924 [info] > git symbolic-ref --short refs/remotes/origin/HEAD [6ms]
2025-01-14 11:20:26.924 [info] fatal: ref refs/remotes/origin/HEAD is not a symbolic ref
2025-01-14 11:20:26.924 [warning] [Repository][getDefaultBranch] Failed to get default branch details: Failed to execute git.
2025-01-14 11:20:26.927 [info] > git for-each-ref --format=%(refname)%00%(upstream:short)%00%(objectname)%00%(upstream:track)%00%(upstream:remotename)%00%(upstream:remoteref) refs/heads/main refs/remotes/main [5ms]
2025-01-14 11:20:26.935 [info] > git config --local branch.main.vscode-merge-base [3ms]
2025-01-14 11:20:26.935 [warning] [Git][config] git config failed: Failed to execute git
2025-01-14 11:20:26.943 [info] > git reflog main --grep-reflog=branch: Created from *. [3ms]
2025-01-14 11:20:26.949 [info] > git symbolic-ref --short refs/remotes/origin/HEAD [2ms]
2025-01-14 11:20:26.949 [info] fatal: ref refs/remotes/origin/HEAD is not a symbolic ref
2025-01-14 11:20:26.949 [warning] [Repository][getDefaultBranch] Failed to get default branch details: Failed to execute git.
2025-01-14 11:20:27.503 [info] > git check-ignore -v -z --stdin [5ms]
2025-01-14 11:20:27.504 [info] > git check-ignore -v -z --stdin [2ms]
2025-01-14 11:20:42.895 [info] > git check-ignore -v -z --stdin [3ms]
2025-01-14 11:20:44.401 [info] > git ls-files --stage -- /home/ubuntuuser/myproject/README.md [2ms]
2025-01-14 11:20:44.409 [info] > git show --textconv :README.md [18ms]
2025-01-14 11:20:44.410 [info] > git cat-file -s e69de29bb2d1d6434b8b29ae775ad8c2e48c5391 [3ms]
2025-01-14 11:21:50.140 [info] > git config --get commit.template [7ms]
2025-01-14 11:21:50.141 [info] > git for-each-ref --format=%(refname)%00%(upstream:short)%00%(objectname)%00%(upstream:track)%00%(upstream:remotename)%00%(upstream:remoteref) refs/heads/main refs/remotes/main [4ms]
2025-01-14 11:21:50.159 [info] > git for-each-ref --sort -committerdate --format %(refname) %(objectname) %(*objectname) [4ms]
2025-01-14 11:21:50.196 [info] > git status -z -uall [46ms]
2025-01-14 11:21:55.280 [info] > git config --get commit.template [5ms]
2025-01-14 11:21:55.282 [info] > git for-each-ref --format=%(refname)%00%(upstream:short)%00%(objectname)%00%(upstream:track)%00%(upstream:remotename)%00%(upstream:remoteref) refs/heads/main refs/remotes/main [2ms]
2025-01-14 11:21:55.289 [info] > git for-each-ref --sort -committerdate --format %(refname) %(objectname) %(*objectname) [0ms]
2025-01-14 11:21:55.304 [info] > git status -z -uall [20ms]
2025-01-14 11:22:07.883 [info] > git check-ignore -v -z --stdin [1ms]
2025-01-14 11:22:12.868 [info] > git config --get commit.template [13ms]
2025-01-14 11:22:12.869 [info] > git config --get commit.template [4ms]
2025-01-14 11:22:12.882 [info] [Git][getRemotes] No remotes found in the git config file
2025-01-14 11:22:12.883 [info] > git for-each-ref --format=%(refname)%00%(upstream:short)%00%(objectname)%00%(upstream:track)%00%(upstream:remotename)%00%(upstream:remoteref) refs/heads/main refs/remotes/main [10ms]
2025-01-14 11:22:12.894 [info] > git for-each-ref --format=%(refname)%00%(upstream:short)%00%(objectname)%00%(upstream:track)%00%(upstream:remotename)%00%(upstream:remoteref) refs/heads/main refs/remotes/main [12ms]
2025-01-14 11:22:12.909 [info] > git for-each-ref --sort -committerdate --format %(refname) %(objectname) %(*objectname) [15ms]
2025-01-14 11:22:12.913 [info] > git status -z -uall [12ms]
2025-01-14 11:22:12.913 [info] > git for-each-ref --sort -committerdate --format %(refname) %(objectname) %(*objectname) [9ms]
2025-01-14 11:22:12.918 [info] > git status -z -uall [31ms]
2025-01-14 11:22:23.136 [info] > git config --get commit.template [19ms]
2025-01-14 11:22:23.165 [info] > git for-each-ref --format=%(refname)%00%(upstream:short)%00%(objectname)%00%(upstream:track)%00%(upstream:remotename)%00%(upstream:remoteref) refs/heads/main refs/remotes/main [12ms]
2025-01-14 11:22:23.220 [info] > git for-each-ref --sort -committerdate --format %(refname) %(objectname) %(*objectname) [19ms]
2025-01-14 11:22:23.222 [info] > git status -z -uall [41ms]
2025-01-14 11:22:28.272 [info] > git config --get commit.template [5ms]
2025-01-14 11:22:28.274 [info] > git for-each-ref --format=%(refname)%00%(upstream:short)%00%(objectname)%00%(upstream:track)%00%(upstream:remotename)%00%(upstream:remoteref) refs/heads/main refs/remotes/main [3ms]
2025-01-14 11:22:28.284 [info] > git for-each-ref --sort -committerdate --format %(refname) %(objectname) %(*objectname) [0ms]
2025-01-14 11:22:28.301 [info] > git status -z -uall [22ms]
2025-01-14 11:22:33.208 [info] > git check-ignore -v -z --stdin [4ms]
2025-01-14 11:22:33.759 [info] > git config --get commit.template [6ms]
2025-01-14 11:22:33.763 [info] [Git][getRemotes] No remotes found in the git config file
2025-01-14 11:22:33.765 [info] > git for-each-ref --format=%(refname)%00%(upstream:short)%00%(objectname)%00%(upstream:track)%00%(upstream:remotename)%00%(upstream:remoteref) refs/heads/main refs/remotes/main [2ms]
2025-01-14 11:22:33.772 [info] > git status -z -uall [4ms]
2025-01-14 11:22:33.777 [info] > git for-each-ref --sort -committerdate --format %(refname) %(objectname) %(*objectname) [5ms]
2025-01-14 11:22:34.410 [info] > git config --get commit.template [7ms]
2025-01-14 11:22:34.412 [info] > git for-each-ref --format=%(refname)%00%(upstream:short)%00%(objectname)%00%(upstream:track)%00%(upstream:remotename)%00%(upstream:remoteref) refs/heads/main refs/remotes/main [2ms]
2025-01-14 11:22:34.437 [info] > git for-each-ref --sort -committerdate --format %(refname) %(objectname) %(*objectname) [9ms]
2025-01-14 11:22:34.439 [info] > git status -z -uall [21ms]
2025-01-14 11:22:38.516 [info] > git check-ignore -v -z --stdin [2ms]
2025-01-14 11:22:39.085 [info] [Git][getRemotes] No remotes found in the git config file
2025-01-14 11:22:39.085 [info] > git config --get commit.template [4ms]
2025-01-14 11:22:39.086 [info] > git for-each-ref --format=%(refname)%00%(upstream:short)%00%(objectname)%00%(upstream:track)%00%(upstream:remotename)%00%(upstream:remoteref) refs/heads/main refs/remotes/main [2ms]
2025-01-14 11:22:39.095 [info] > git status -z -uall [4ms]
2025-01-14 11:22:39.097 [info] > git for-each-ref --sort -committerdate --format %(refname) %(objectname) %(*objectname) [3ms]
2025-01-14 11:22:39.491 [info] > git config --get commit.template [6ms]
2025-01-14 11:22:39.494 [info] > git for-each-ref --format=%(refname)%00%(upstream:short)%00%(objectname)%00%(upstream:track)%00%(upstream:remotename)%00%(upstream:remoteref) refs/heads/main refs/remotes/main [4ms]
2025-01-14 11:22:39.505 [info] > git for-each-ref --sort -committerdate --format %(refname) %(objectname) %(*objectname) [3ms]
2025-01-14 11:22:39.519 [info] > git status -z -uall [20ms]
2025-01-14 11:23:44.553 [info] > git config --get commit.template [5ms]
2025-01-14 11:23:44.555 [info] > git for-each-ref --format=%(refname)%00%(upstream:short)%00%(objectname)%00%(upstream:track)%00%(upstream:remotename)%00%(upstream:remoteref) refs/heads/main refs/remotes/main [2ms]
2025-01-14 11:23:44.566 [info] > git for-each-ref --sort -committerdate --format %(refname) %(objectname) %(*objectname) [3ms]
2025-01-14 11:23:44.579 [info] > git status -z -uall [18ms]
2025-01-14 11:24:22.781 [info] > git config --get commit.template [5ms]
2025-01-14 11:24:22.783 [info] > git for-each-ref --format=%(refname)%00%(upstream:short)%00%(objectname)%00%(upstream:track)%00%(upstream:remotename)%00%(upstream:remoteref) refs/heads/main refs/remotes/main [2ms]
2025-01-14 11:24:22.795 [info] > git for-each-ref --sort -committerdate --format %(refname) %(objectname) %(*objectname) [4ms]
2025-01-14 11:24:22.814 [info] > git status -z -uall [28ms]
2025-01-14 11:24:27.877 [info] > git config --get commit.template [7ms]
2025-01-14 11:24:27.879 [info] > git for-each-ref --format=%(refname)%00%(upstream:short)%00%(objectname)%00%(upstream:track)%00%(upstream:remotename)%00%(upstream:remoteref) refs/heads/main refs/remotes/main [1ms]
2025-01-14 11:24:27.886 [info] > git for-each-ref --sort -committerdate --format %(refname) %(objectname) %(*objectname) [0ms]
2025-01-14 11:24:27.898 [info] > git status -z -uall [16ms]
2025-01-14 11:25:12.548 [info] > git config --get commit.template [3ms]
2025-01-14 11:25:12.550 [info] > git for-each-ref --format=%(refname)%00%(upstream:short)%00%(objectname)%00%(upstream:track)%00%(upstream:remotename)%00%(upstream:remoteref) refs/heads/main refs/remotes/main [3ms]
2025-01-14 11:25:12.560 [info] > git for-each-ref --sort -committerdate --format %(refname) %(objectname) %(*objectname) [1ms]
2025-01-14 11:25:12.571 [info] > git status -z -uall [18ms]
2025-01-14 11:27:32.396 [info] > git config --get commit.template [10ms]
2025-01-14 11:27:32.404 [info] > git for-each-ref --format=%(refname)%00%(upstream:short)%00%(objectname)%00%(upstream:track)%00%(upstream:remotename)%00%(upstream:remoteref) refs/heads/main refs/remotes/main [9ms]
2025-01-14 11:27:32.419 [info] > git for-each-ref --sort -committerdate --format %(refname) %(objectname) %(*objectname) [4ms]
2025-01-14 11:27:32.446 [info] > git status -z -uall [36ms]
2025-01-14 11:28:09.479 [info] > git for-each-ref --format=%(refname)%00%(upstream:short)%00%(objectname)%00%(upstream:track)%00%(upstream:remotename)%00%(upstream:remoteref) refs/heads/main refs/remotes/main [4ms]
2025-01-14 11:28:09.479 [info] > git config --get commit.template [7ms]
2025-01-14 11:28:09.489 [info] > git for-each-ref --sort -committerdate --format %(refname) %(objectname) %(*objectname) [1ms]
2025-01-14 11:28:09.507 [info] > git status -z -uall [24ms]
2025-01-14 11:37:22.183 [info] > git config --get commit.template [30ms]
2025-01-14 11:37:22.185 [info] > git for-each-ref --format=%(refname)%00%(upstream:short)%00%(objectname)%00%(upstream:track)%00%(upstream:remotename)%00%(upstream:remoteref) refs/heads/main refs/remotes/main [25ms]
2025-01-14 11:37:22.198 [info] > git for-each-ref --sort -committerdate --format %(refname) %(objectname) %(*objectname) [4ms]
2025-01-14 11:37:22.645 [info] > git status -z -uall [455ms]
2025-01-14 11:38:09.317 [info] > git config --get commit.template [7ms]
2025-01-14 11:38:09.319 [info] > git for-each-ref --format=%(refname)%00%(upstream:short)%00%(objectname)%00%(upstream:track)%00%(upstream:remotename)%00%(upstream:remoteref) refs/heads/main refs/remotes/main [2ms]
2025-01-14 11:38:09.329 [info] > git for-each-ref --sort -committerdate --format %(refname) %(objectname) %(*objectname) [4ms]
2025-01-14 11:38:09.341 [info] > git status -z -uall [19ms]
2025-01-14 11:39:54.781 [info] > git show --textconv :login.html [25ms]
2025-01-14 11:39:54.783 [info] > git ls-files --stage -- /home/ubuntuuser/myproject/login.html [22ms]
2025-01-14 11:40:12.941 [info] > git blame --root --incremental 760bdf87d4ffde1b6f3c4c82916db34c0271515d -- /home/ubuntuuser/myproject/login.html [9ms]
2025-01-14 11:40:12.941 [info] fatal: no such path login.html in 760bdf87d4ffde1b6f3c4c82916db34c0271515d
2025-01-14 11:42:15.550 [info] > git check-ignore -v -z --stdin [12ms]
2025-01-14 11:42:16.081 [info] > git config --get commit.template [4ms]
2025-01-14 11:42:16.087 [info] [Git][getRemotes] No remotes found in the git config file
2025-01-14 11:42:16.088 [info] > git config --get commit.template [8ms]
2025-01-14 11:42:16.088 [info] > git for-each-ref --format=%(refname)%00%(upstream:short)%00%(objectname)%00%(upstream:track)%00%(upstream:remotename)%00%(upstream:remoteref) refs/heads/main refs/remotes/main [4ms]
2025-01-14 11:42:16.100 [info] > git for-each-ref --format=%(refname)%00%(upstream:short)%00%(objectname)%00%(upstream:track)%00%(upstream:remotename)%00%(upstream:remoteref) refs/heads/main refs/remotes/main [13ms]
2025-01-14 11:42:16.106 [info] > git status -z -uall [3ms]
2025-01-14 11:42:16.108 [info] > git for-each-ref --sort -committerdate --format %(refname) %(objectname) %(*objectname) [2ms]
2025-01-14 11:42:16.111 [info] > git for-each-ref --sort -committerdate --format %(refname) %(objectname) %(*objectname) [11ms]
2025-01-14 11:42:16.123 [info] > git status -z -uall [27ms]
